[INFO  - 2019-12-19T09:46:28.360Z] GhostDriver - Main - running on port 22960
[INFO  - 2019-12-19T09:46:28.869Z] Session [6e0fc830-2244-11ea-83ca-7bb84f591c0a] - page.settings - {"XSSAuditingEnabled":false,"javascriptCanCloseWindows":true,"javascriptCanOpenWindows":true,"javascriptEnabled":true,"loadImages":true,"localToRemoteUrlAccessEnabled":false,"userAgent":"Mozilla/5.0 (Windows NT 6.2; WOW64) AppleWebKit/538.1 (KHTML, like Gecko) PhantomJS/2.0.0 Safari/538.1","webSecurityEnabled":true}
[INFO  - 2019-12-19T09:46:28.870Z] Session [6e0fc830-2244-11ea-83ca-7bb84f591c0a] - page.customHeaders:  - {}
[INFO  - 2019-12-19T09:46:28.870Z] Session [6e0fc830-2244-11ea-83ca-7bb84f591c0a] - Session.negotiatedCapabilities - {"browserName":"phantomjs","version":"2.0.0","driverName":"ghostdriver","driverVersion":"1.2.0","platform":"windows-8-32bit","javascriptEnabled":true,"takesScreenshot":true,"handlesAlerts":false,"databaseEnabled":false,"locationContextEnabled":false,"applicationCacheEnabled":false,"browserConnectionEnabled":false,"cssSelectorsEnabled":true,"webStorageEnabled":false,"rotatable":false,"acceptSslCerts":false,"nativeEvents":true,"proxy":{"proxyType":"direct"}}
[INFO  - 2019-12-19T09:46:28.872Z] SessionManagerReqHand - _postNewSessionCommand - New Session Created: 6e0fc830-2244-11ea-83ca-7bb84f591c0a
[INFO  - 2019-12-19T09:46:30.196Z] ShutdownReqHand - _handle - About to shutdown
[INFO  - 2019-12-19T09:46:54.058Z] GhostDriver - Main - running on port 9660
[INFO  - 2019-12-19T09:46:54.313Z] Session [7d450fe0-2244-11ea-8805-794b44cc9d19] - page.settings - {"XSSAuditingEnabled":false,"javascriptCanCloseWindows":true,"javascriptCanOpenWindows":true,"javascriptEnabled":true,"loadImages":true,"localToRemoteUrlAccessEnabled":false,"userAgent":"Mozilla/5.0 (Windows NT 6.2; WOW64) AppleWebKit/538.1 (KHTML, like Gecko) PhantomJS/2.0.0 Safari/538.1","webSecurityEnabled":true}
[INFO  - 2019-12-19T09:46:54.313Z] Session [7d450fe0-2244-11ea-8805-794b44cc9d19] - page.customHeaders:  - {}
[INFO  - 2019-12-19T09:46:54.314Z] Session [7d450fe0-2244-11ea-8805-794b44cc9d19] - Session.negotiatedCapabilities - {"browserName":"phantomjs","version":"2.0.0","driverName":"ghostdriver","driverVersion":"1.2.0","platform":"windows-8-32bit","javascriptEnabled":true,"takesScreenshot":true,"handlesAlerts":false,"databaseEnabled":false,"locationContextEnabled":false,"applicationCacheEnabled":false,"browserConnectionEnabled":false,"cssSelectorsEnabled":true,"webStorageEnabled":false,"rotatable":false,"acceptSslCerts":false,"nativeEvents":true,"proxy":{"proxyType":"direct"}}
[INFO  - 2019-12-19T09:46:54.314Z] SessionManagerReqHand - _postNewSessionCommand - New Session Created: 7d450fe0-2244-11ea-8805-794b44cc9d19
[INFO  - 2019-12-19T09:46:54.862Z] ShutdownReqHand - _handle - About to shutdown
[INFO  - 2019-12-19T09:48:52.611Z] GhostDriver - Main - running on port 30430
[INFO  - 2019-12-19T09:48:53.025Z] Session [c407afa0-2244-11ea-b5c6-c3c82b56c142] - page.settings - {"XSSAuditingEnabled":false,"javascriptCanCloseWindows":true,"javascriptCanOpenWindows":true,"javascriptEnabled":true,"loadImages":true,"localToRemoteUrlAccessEnabled":false,"userAgent":"Mozilla/5.0 (Windows NT 6.2; WOW64) AppleWebKit/538.1 (KHTML, like Gecko) PhantomJS/2.0.0 Safari/538.1","webSecurityEnabled":true}
[INFO  - 2019-12-19T09:48:53.025Z] Session [c407afa0-2244-11ea-b5c6-c3c82b56c142] - page.customHeaders:  - {}
[INFO  - 2019-12-19T09:48:53.025Z] Session [c407afa0-2244-11ea-b5c6-c3c82b56c142] - Session.negotiatedCapabilities - {"browserName":"phantomjs","version":"2.0.0","driverName":"ghostdriver","driverVersion":"1.2.0","platform":"windows-8-32bit","javascriptEnabled":true,"takesScreenshot":true,"handlesAlerts":false,"databaseEnabled":false,"locationContextEnabled":false,"applicationCacheEnabled":false,"browserConnectionEnabled":false,"cssSelectorsEnabled":true,"webStorageEnabled":false,"rotatable":false,"acceptSslCerts":false,"nativeEvents":true,"proxy":{"proxyType":"direct"}}
[INFO  - 2019-12-19T09:48:53.025Z] SessionManagerReqHand - _postNewSessionCommand - New Session Created: c407afa0-2244-11ea-b5c6-c3c82b56c142
[INFO  - 2019-12-19T09:48:53.566Z] ShutdownReqHand - _handle - About to shutdown
[INFO  - 2019-12-19T09:49:09.960Z] GhostDriver - Main - running on port 18940
[INFO  - 2019-12-19T09:49:10.206Z] Session [ce448920-2244-11ea-bb59-df4e6f55db5b] - page.settings - {"XSSAuditingEnabled":false,"javascriptCanCloseWindows":true,"javascriptCanOpenWindows":true,"javascriptEnabled":true,"loadImages":true,"localToRemoteUrlAccessEnabled":false,"userAgent":"Mozilla/5.0 (Windows NT 6.2; WOW64) AppleWebKit/538.1 (KHTML, like Gecko) PhantomJS/2.0.0 Safari/538.1","webSecurityEnabled":true}
[INFO  - 2019-12-19T09:49:10.206Z] Session [ce448920-2244-11ea-bb59-df4e6f55db5b] - page.customHeaders:  - {}
[INFO  - 2019-12-19T09:49:10.206Z] Session [ce448920-2244-11ea-bb59-df4e6f55db5b] - Session.negotiatedCapabilities - {"browserName":"phantomjs","version":"2.0.0","driverName":"ghostdriver","driverVersion":"1.2.0","platform":"windows-8-32bit","javascriptEnabled":true,"takesScreenshot":true,"handlesAlerts":false,"databaseEnabled":false,"locationContextEnabled":false,"applicationCacheEnabled":false,"browserConnectionEnabled":false,"cssSelectorsEnabled":true,"webStorageEnabled":false,"rotatable":false,"acceptSslCerts":false,"nativeEvents":true,"proxy":{"proxyType":"direct"}}
[INFO  - 2019-12-19T09:49:10.206Z] SessionManagerReqHand - _postNewSessionCommand - New Session Created: ce448920-2244-11ea-bb59-df4e6f55db5b
[INFO  - 2019-12-19T09:49:10.538Z] ShutdownReqHand - _handle - About to shutdown
[INFO  - 2019-12-19T09:50:47.051Z] GhostDriver - Main - running on port 7553
[INFO  - 2019-12-19T09:50:47.421Z] Session [08372160-2245-11ea-9a7d-e9770f223093] - page.settings - {"XSSAuditingEnabled":false,"javascriptCanCloseWindows":true,"javascriptCanOpenWindows":true,"javascriptEnabled":true,"loadImages":true,"localToRemoteUrlAccessEnabled":false,"userAgent":"Mozilla/5.0 (Windows NT 6.2; WOW64) AppleWebKit/538.1 (KHTML, like Gecko) PhantomJS/2.0.0 Safari/538.1","webSecurityEnabled":true}
[INFO  - 2019-12-19T09:50:47.421Z] Session [08372160-2245-11ea-9a7d-e9770f223093] - page.customHeaders:  - {}
[INFO  - 2019-12-19T09:50:47.421Z] Session [08372160-2245-11ea-9a7d-e9770f223093] - Session.negotiatedCapabilities - {"browserName":"phantomjs","version":"2.0.0","driverName":"ghostdriver","driverVersion":"1.2.0","platform":"windows-8-32bit","javascriptEnabled":true,"takesScreenshot":true,"handlesAlerts":false,"databaseEnabled":false,"locationContextEnabled":false,"applicationCacheEnabled":false,"browserConnectionEnabled":false,"cssSelectorsEnabled":true,"webStorageEnabled":false,"rotatable":false,"acceptSslCerts":false,"nativeEvents":true,"proxy":{"proxyType":"direct"}}
[INFO  - 2019-12-19T09:50:47.422Z] SessionManagerReqHand - _postNewSessionCommand - New Session Created: 08372160-2245-11ea-9a7d-e9770f223093
[INFO  - 2019-12-19T09:50:47.962Z] ShutdownReqHand - _handle - About to shutdown
[INFO  - 2019-12-19T09:51:04.471Z] GhostDriver - Main - running on port 2257
[INFO  - 2019-12-19T09:51:04.693Z] Session [1282a0e0-2245-11ea-844a-7fcdebcf7990] - page.settings - {"XSSAuditingEnabled":false,"javascriptCanCloseWindows":true,"javascriptCanOpenWindows":true,"javascriptEnabled":true,"loadImages":true,"localToRemoteUrlAccessEnabled":false,"userAgent":"Mozilla/5.0 (Windows NT 6.2; WOW64) AppleWebKit/538.1 (KHTML, like Gecko) PhantomJS/2.0.0 Safari/538.1","webSecurityEnabled":true}
[INFO  - 2019-12-19T09:51:04.693Z] Session [1282a0e0-2245-11ea-844a-7fcdebcf7990] - page.customHeaders:  - {}
[INFO  - 2019-12-19T09:51:04.694Z] Session [1282a0e0-2245-11ea-844a-7fcdebcf7990] - Session.negotiatedCapabilities - {"browserName":"phantomjs","version":"2.0.0","driverName":"ghostdriver","driverVersion":"1.2.0","platform":"windows-8-32bit","javascriptEnabled":true,"takesScreenshot":true,"handlesAlerts":false,"databaseEnabled":false,"locationContextEnabled":false,"applicationCacheEnabled":false,"browserConnectionEnabled":false,"cssSelectorsEnabled":true,"webStorageEnabled":false,"rotatable":false,"acceptSslCerts":false,"nativeEvents":true,"proxy":{"proxyType":"direct"}}
[INFO  - 2019-12-19T09:51:04.694Z] SessionManagerReqHand - _postNewSessionCommand - New Session Created: 1282a0e0-2245-11ea-844a-7fcdebcf7990
[INFO  - 2019-12-19T09:51:04.989Z] ShutdownReqHand - _handle - About to shutdown
